<?xml version="1.0" encoding="UTF-8"?>
<!-- Generated by org.testng.reporters.JUnitXMLReporter -->
<testsuite hostname="DESKTOP-B2220QC" ignored="0" name="Firefox" tests="2" failures="0" timestamp="2022-06-30T08:14:39 IST" time="0.144" errors="0">
  <testcase name="@BeforeTest launchBrowser" time="-1.656557079728E9" classname="tests.VerifyTaskButtonTestNG">
    <failure type="org.testng.TestNGException" message="
Can inject only one of &amp;lt;ITestContext, XmlTest&amp;gt; into a @BeforeTest annotated launchBrowser.
For more information on native dependency injection please refer to https://testng.org/doc/documentation-main.html#native-dependency-injection">
      <![CDATA[org.testng.TestNGException: 
Can inject only one of <ITestContext, XmlTest> into a @BeforeTest annotated launchBrowser.
For more information on native dependency injection please refer to https://testng.org/doc/documentation-main.html#native-dependency-injection
... Removed 21 stack frames]]>
    </failure>
  </testcase> <!-- @BeforeTest launchBrowser -->
  <testcase name="@BeforeClass createPOMOobjects" time="-1.656557079736E9" classname="tests.VerifyTaskButtonTestNG">
    <skipped/>
  </testcase> <!-- @BeforeClass createPOMOobjects -->
  <testcase name="@BeforeMethod loginToApplication" time="-1.656557079765E9" classname="tests.VerifyTaskButtonTestNG">
    <skipped/>
  </testcase> <!-- @BeforeMethod loginToApplication -->
  <testcase name="@AfterMethod logoutFromApplication" time="-1.656557079788E9" classname="tests.VerifyTaskButtonTestNG">
    <skipped/>
  </testcase> <!-- @AfterMethod logoutFromApplication -->
  <testcase name="@BeforeMethod loginToApplication" time="-1.656557079798E9" classname="tests.VerifyTaskButtonTestNG">
    <skipped/>
  </testcase> <!-- @BeforeMethod loginToApplication -->
  <testcase name="@AfterMethod logoutFromApplication" time="-1.656557079843E9" classname="tests.VerifyTaskButtonTestNG">
    <skipped/>
  </testcase> <!-- @AfterMethod logoutFromApplication -->
  <testcase name="@AfterClass clearObject" time="-1.656557079851E9" classname="tests.VerifyTaskButtonTestNG">
    <skipped/>
  </testcase> <!-- @AfterClass clearObject -->
  <testcase name="@AfterTest closedBrowser" time="-1.656557079855E9" classname="tests.VerifyTaskButtonTestNG">
    <skipped/>
  </testcase> <!-- @AfterTest closedBrowser -->
  <testcase name="toVerifyReportButton" time="0.0" classname="tests.VerifyTaskButtonTestNG">
    <skipped/>
  </testcase> <!-- toVerifyReportButton -->
  <testcase name="toVerifyTaskButton" time="0.0" classname="tests.VerifyTaskButtonTestNG">
    <skipped/>
  </testcase> <!-- toVerifyTaskButton -->
</testsuite> <!-- Firefox -->
