<?xml version="1.0" encoding="UTF-8"?>
<!-- Generated by org.testng.reporters.JUnitXMLReporter -->
<testsuite hostname="DESKTOP-B2220QC" ignored="0" name="OpreaBrowser" tests="4" failures="0" timestamp="2022-06-30T08:46:11 IST" time="0.15" errors="0">
  <testcase name="@BeforeTest launchBrowser" time="0.002" classname="tests.VerifySanityTest">
    <failure type="java.lang.NullPointerException">
      <![CDATA[java.lang.NullPointerException
at tests.VerifySanityTest.launchBrowser(VerifySanityTest.java:46)
... Removed 24 stack frames]]>
    </failure>
  </testcase> <!-- @BeforeTest launchBrowser -->
  <testcase name="@BeforeTest launchBrowser" time="-1.656558971072E9" classname="tests.VerifyTaskButtonTestNG">
    <skipped/>
  </testcase> <!-- @BeforeTest launchBrowser -->
  <testcase name="@BeforeClass createPOMOobjects" time="-1.656558971079E9" classname="tests.VerifyTaskButtonTestNG">
    <skipped/>
  </testcase> <!-- @BeforeClass createPOMOobjects -->
  <testcase name="@BeforeMethod loginToApplication" time="-1.656558971083E9" classname="tests.VerifyTaskButtonTestNG">
    <skipped/>
  </testcase> <!-- @BeforeMethod loginToApplication -->
  <testcase name="@AfterMethod logoutFromApplication" time="-1.656558971098E9" classname="tests.VerifyTaskButtonTestNG">
    <skipped/>
  </testcase> <!-- @AfterMethod logoutFromApplication -->
  <testcase name="@BeforeMethod loginToApplication" time="-1.656558971107E9" classname="tests.VerifyTaskButtonTestNG">
    <skipped/>
  </testcase> <!-- @BeforeMethod loginToApplication -->
  <testcase name="@AfterMethod logoutFromApplication" time="-1.656558971114E9" classname="tests.VerifyTaskButtonTestNG">
    <skipped/>
  </testcase> <!-- @AfterMethod logoutFromApplication -->
  <testcase name="@AfterClass clearObject" time="-1.656558971129E9" classname="tests.VerifyTaskButtonTestNG">
    <skipped/>
  </testcase> <!-- @AfterClass clearObject -->
  <testcase name="@BeforeClass createPOMOobjects" time="-1.656558971135E9" classname="tests.VerifySanityTest">
    <skipped/>
  </testcase> <!-- @BeforeClass createPOMOobjects -->
  <testcase name="@BeforeMethod loginToApplication" time="-1.656558971138E9" classname="tests.VerifySanityTest">
    <skipped/>
  </testcase> <!-- @BeforeMethod loginToApplication -->
  <testcase name="@AfterMethod logoutFromApplication" time="-1.656558971156E9" classname="tests.VerifySanityTest">
    <skipped/>
  </testcase> <!-- @AfterMethod logoutFromApplication -->
  <testcase name="@BeforeMethod loginToApplication" time="-1.656558971167E9" classname="tests.VerifySanityTest">
    <skipped/>
  </testcase> <!-- @BeforeMethod loginToApplication -->
  <testcase name="@AfterMethod logoutFromApplication" time="-1.656558971195E9" classname="tests.VerifySanityTest">
    <skipped/>
  </testcase> <!-- @AfterMethod logoutFromApplication -->
  <testcase name="@AfterClass clearObject" time="-1.656558971198E9" classname="tests.VerifySanityTest">
    <skipped/>
  </testcase> <!-- @AfterClass clearObject -->
  <testcase name="@AfterTest closedBrowser" time="-1.656558971208E9" classname="tests.VerifySanityTest">
    <skipped/>
  </testcase> <!-- @AfterTest closedBrowser -->
  <testcase name="@AfterTest closedBrowser" time="-1.656558971212E9" classname="tests.VerifyTaskButtonTestNG">
    <skipped/>
  </testcase> <!-- @AfterTest closedBrowser -->
  <testcase name="toVerifyReportButton" time="0.0" classname="tests.VerifyTaskButtonTestNG">
    <skipped/>
  </testcase> <!-- toVerifyReportButton -->
  <testcase name="toVerifyTaskButton" time="0.0" classname="tests.VerifyTaskButtonTestNG">
    <skipped/>
  </testcase> <!-- toVerifyTaskButton -->
  <testcase name="toVerifyReportButton" time="0.0" classname="tests.VerifySanityTest">
    <skipped/>
  </testcase> <!-- toVerifyReportButton -->
  <testcase name="toVerifyTaskButton" time="0.0" classname="tests.VerifySanityTest">
    <skipped/>
  </testcase> <!-- toVerifyTaskButton -->
</testsuite> <!-- OpreaBrowser -->
